<?xml version="1.0" encoding="UTF-8"?>
<testng-results ignored="0" total="1" passed="1" failed="0" skipped="0">
  <reporter-output>
  </reporter-output>
  <suite started-at="2020-05-03T04:05:34Z" name="seleniumLearn.TestFirst" finished-at="2020-05-03T04:05:40Z" duration-ms="6865">
    <groups>
    </groups>
    <test started-at="2020-05-03T04:05:34Z" name="Command line test" finished-at="2020-05-03T04:05:40Z" duration-ms="6865">
      <class name="seleniumLearn.TestFirst">
        <test-method is-config="true" signature="beforeMethod()[pri:0, instance:seleniumLearn.TestFirst@4232c52b]" started-at="2020-05-03T11:05:34Z" name="beforeMethod" finished-at="2020-05-03T11:05:34Z" duration-ms="5" status="PASS">
          <reporter-output>
          </reporter-output>
        </test-method> <!-- beforeMethod -->
        <test-method signature="openSite()[pri:0, instance:seleniumLearn.TestFirst@4232c52b]" started-at="2020-05-03T11:05:34Z" name="openSite" finished-at="2020-05-03T11:05:40Z" duration-ms="6842" status="PASS">
          <reporter-output>
          </reporter-output>
        </test-method> <!-- openSite -->
        <test-method is-config="true" signature="afterMethod()[pri:0, instance:seleniumLearn.TestFirst@4232c52b]" started-at="2020-05-03T11:05:40Z" name="afterMethod" finished-at="2020-05-03T11:05:40Z" duration-ms="1" status="PASS">
          <reporter-output>
          </reporter-output>
        </test-method> <!-- afterMethod -->
      </class> <!-- seleniumLearn.TestFirst -->
    </test> <!-- Command line test -->
  </suite> <!-- seleniumLearn.TestFirst -->
</testng-results>
