<?xml version="1.0" encoding="UTF-8"?>
<testng-results ignored="0" total="6" passed="5" failed="1" skipped="0">
  <reporter-output>
  </reporter-output>
  <suite started-at="2020-05-13T05:45:55Z" name="Parallel Test Suite" finished-at="2020-05-13T05:46:24Z" duration-ms="29914">
    <groups>
    </groups>
    <test started-at="2020-05-13T05:45:55Z" name="Firefox Test" finished-at="2020-05-13T05:45:55Z" duration-ms="73">
      <class name="testng.NewTest">
        <test-method signature="tc05()[pri:1, instance:testng.NewTest@6253c26]" started-at="2020-05-13T12:45:55Z" name="tc05" finished-at="2020-05-13T12:45:55Z" duration-ms="26" status="PASS">
          <reporter-output>
          </reporter-output>
        </test-method> <!-- tc05 -->
        <test-method signature="tc04()[pri:2, instance:testng.NewTest@6253c26]" started-at="2020-05-13T12:45:55Z" name="tc04" finished-at="2020-05-13T12:45:55Z" duration-ms="2" status="FAIL">
          <exception class="java.lang.AssertionError">
            <message>
              <![CDATA[testcase fail]]>
            </message>
            <full-stacktrace>
              <![CDATA[java.lang.AssertionError: testcase fail
	at testng.NewTest.tc04(NewTest.java:27)
	at java.base/jdk.internal.reflect.NativeMethodAccessorImpl.invoke0(Native Method)
	at java.base/jdk.internal.reflect.NativeMethodAccessorImpl.invoke(NativeMethodAccessorImpl.java:62)
	at java.base/jdk.internal.reflect.DelegatingMethodAccessorImpl.invoke(DelegatingMethodAccessorImpl.java:43)
	at java.base/java.lang.reflect.Method.invoke(Method.java:567)
	at org.testng.internal.MethodInvocationHelper.invokeMethod(MethodInvocationHelper.java:104)
	at org.testng.internal.Invoker.invokeMethod(Invoker.java:645)
	at org.testng.internal.Invoker.invokeTestMethod(Invoker.java:851)
	at org.testng.internal.Invoker.invokeTestMethods(Invoker.java:1177)
	at org.testng.internal.TestMethodWorker.invokeTestMethods(TestMethodWorker.java:129)
	at org.testng.internal.TestMethodWorker.run(TestMethodWorker.java:112)
	at org.testng.TestRunner.privateRun(TestRunner.java:756)
	at org.testng.TestRunner.run(TestRunner.java:610)
	at org.testng.SuiteRunner.runTest(SuiteRunner.java:387)
	at org.testng.SuiteRunner.access$000(SuiteRunner.java:39)
	at org.testng.SuiteRunner$SuiteWorker.run(SuiteRunner.java:421)
	at org.testng.internal.thread.ThreadUtil$2.call(ThreadUtil.java:64)
	at java.base/java.util.concurrent.FutureTask.run(FutureTask.java:264)
	at java.base/java.util.concurrent.ThreadPoolExecutor.runWorker(ThreadPoolExecutor.java:1128)
	at java.base/java.util.concurrent.ThreadPoolExecutor$Worker.run(ThreadPoolExecutor.java:628)
	at java.base/java.lang.Thread.run(Thread.java:830)
]]>
            </full-stacktrace>
          </exception> <!-- java.lang.AssertionError -->
          <reporter-output>
          </reporter-output>
        </test-method> <!-- tc04 -->
        <test-method signature="tc03()[pri:3, instance:testng.NewTest@6253c26]" started-at="2020-05-13T12:45:55Z" name="tc03" finished-at="2020-05-13T12:45:55Z" duration-ms="2" status="PASS">
          <reporter-output>
          </reporter-output>
        </test-method> <!-- tc03 -->
        <test-method signature="tc02()[pri:4, instance:testng.NewTest@6253c26]" started-at="2020-05-13T12:45:55Z" name="tc02" finished-at="2020-05-13T12:45:55Z" duration-ms="1" status="PASS">
          <reporter-output>
          </reporter-output>
        </test-method> <!-- tc02 -->
        <test-method signature="tc01()[pri:5, instance:testng.NewTest@6253c26]" started-at="2020-05-13T12:45:55Z" name="tc01" finished-at="2020-05-13T12:45:55Z" duration-ms="1" status="PASS">
          <reporter-output>
          </reporter-output>
        </test-method> <!-- tc01 -->
      </class> <!-- testng.NewTest -->
    </test> <!-- Firefox Test -->
    <test started-at="2020-05-13T05:45:55Z" name="Chrome Test" finished-at="2020-05-13T05:46:24Z" duration-ms="29914">
      <class name="test.ParallelTest">
        <test-method is-config="true" signature="beforeMethod(java.lang.String)[pri:0, instance:test.ParallelTest@c88a337]" started-at="2020-05-13T12:45:55Z" name="beforeMethod" finished-at="2020-05-13T12:46:17Z" duration-ms="21969" status="PASS">
          <params>
            <param index="0">
              <value>
                <![CDATA[Chrome]]>
              </value>
            </param>
          </params>
          <reporter-output>
          </reporter-output>
        </test-method> <!-- beforeMethod -->
        <test-method signature="testLogin(java.lang.String, java.lang.String)[pri:0, instance:test.ParallelTest@c88a337]" started-at="2020-05-13T12:46:17Z" name="testLogin" data-provider="dataSet" finished-at="2020-05-13T12:46:24Z" duration-ms="7591" status="PASS">
          <params>
            <param index="0">
              <value>
                <![CDATA[datadriven@test.com]]>
              </value>
            </param>
            <param index="1">
              <value>
                <![CDATA[123456]]>
              </value>
            </param>
          </params>
          <reporter-output>
          </reporter-output>
        </test-method> <!-- testLogin -->
        <test-method is-config="true" signature="afterMethod()[pri:0, instance:test.ParallelTest@c88a337]" started-at="2020-05-13T12:46:24Z" name="afterMethod" finished-at="2020-05-13T12:46:24Z" duration-ms="331" status="PASS">
          <reporter-output>
          </reporter-output>
        </test-method> <!-- afterMethod -->
      </class> <!-- test.ParallelTest -->
    </test> <!-- Chrome Test -->
  </suite> <!-- Parallel Test Suite -->
</testng-results>
